c:\users\user\documents\github\jetpack\jetpack\jetpack\x64\debug\vc145.pdb
c:\users\user\documents\github\jetpack\jetpack\jetpack\x64\debug\vc145.idb
c:\users\user\documents\github\jetpack\jetpack\jetpack\x64\debug\playercon.obj
c:\users\user\documents\github\jetpack\jetpack\jetpack\x64\debug\main.obj
c:\users\user\documents\github\jetpack\jetpack\jetpack\x64\debug\background.obj
c:\users\user\documents\github\jetpack\jetpack\x64\debug\jetpack.exe
c:\users\user\documents\github\jetpack\jetpack\x64\debug\jetpack.pdb
c:\users\user\documents\github\jetpack\jetpack\jetpack\x64\debug\jetpack.ilk
c:\users\user\documents\github\jetpack\jetpack\jetpack\x64\debug\소스.h.obj
c:\users\user\documents\github\jetpack\jetpack\jetpack\x64\debug\jetpack.res
c:\users\user\documents\github\jetpack\jetpack\jetpack\x64\debug\jetpack.tlog\cl.command.1.tlog
c:\users\user\documents\github\jetpack\jetpack\jetpack\x64\debug\jetpack.tlog\cl.items.tlog
c:\users\user\documents\github\jetpack\jetpack\jetpack\x64\debug\jetpack.tlog\cl.read.1.tlog
c:\users\user\documents\github\jetpack\jetpack\jetpack\x64\debug\jetpack.tlog\cl.write.1.tlog
c:\users\user\documents\github\jetpack\jetpack\jetpack\x64\debug\jetpack.tlog\link.command.1.tlog
c:\users\user\documents\github\jetpack\jetpack\jetpack\x64\debug\jetpack.tlog\link.read.1.tlog
c:\users\user\documents\github\jetpack\jetpack\jetpack\x64\debug\jetpack.tlog\link.secondary.1.tlog
c:\users\user\documents\github\jetpack\jetpack\jetpack\x64\debug\jetpack.tlog\link.write.1.tlog
c:\users\user\documents\github\jetpack\jetpack\jetpack\x64\debug\jetpack.tlog\rc.command.1.tlog
c:\users\user\documents\github\jetpack\jetpack\jetpack\x64\debug\jetpack.tlog\rc.read.1.tlog
c:\users\user\documents\github\jetpack\jetpack\jetpack\x64\debug\jetpack.tlog\rc.write.1.tlog
c:\users\user\documents\github\jetpack\jetpack\jetpack\x64\debug\jetpack_md.tlog\cl.command.1.tlog
